2016-07-03 11:46:12,711 INFO  [main] MainApp (MainApp.java:17) - Starting Apps:
2016-07-03 12:06:42,148 INFO  [main] MainApp (MainApp.java:17) - Starting Apps:
2016-07-03 12:12:11,143 INFO  [main] MainApp (MainApp.java:17) - Starting Apps:
2016-07-03 12:14:29,088 INFO  [main] MainApp (MainApp.java:17) - Starting Apps:
2016-07-03 12:26:12,427 INFO  [main] MainApp (MainApp.java:17) - Starting Apps:
2016-07-03 12:26:44,569 INFO  [main] MainApp (MainApp.java:17) - Starting Apps:
2016-07-03 12:27:49,877 INFO  [main] MainApp (MainApp.java:17) - Starting Apps:
2016-07-04 08:08:27,743 INFO  [main] MainApp (MainApp.java:17) - Starting Apps:
2016-07-04 08:39:23,530 INFO  [main] MainApp (MainApp.java:17) - Starting Apps:
2016-07-04 08:41:07,110 INFO  [main] MainApp (MainApp.java:17) - Starting Apps:
2016-07-04 08:41:45,859 INFO  [main] MainApp (MainApp.java:17) - Starting Apps:
2016-07-04 08:42:03,279 INFO  [main] MainApp (MainApp.java:17) - Starting Apps:
2016-07-04 08:42:12,609 INFO  [main] MainApp (MainApp.java:17) - Starting Apps:
2016-07-04 10:07:30,579 INFO  [main] MainApp (MainApp.java:17) - Starting Apps:
2016-07-04 10:07:38,302 INFO  [main] MainApp (MainApp.java:17) - Starting Apps:
2016-07-04 10:08:02,003 INFO  [main] MainApp (MainApp.java:17) - Starting Apps:
2016-07-04 10:10:17,144 INFO  [main] MainApp (MainApp.java:17) - Starting Apps:
2016-07-07 07:59:21,786 INFO  [main] MainApp (MainApp.java:17) - Starting Apps:
2016-07-07 07:59:43,345 INFO  [main] MainApp (MainApp.java:17) - Starting Apps:
2016-07-07 08:25:15,359 INFO  [main] MainApp (MainApp.java:24) - Starting Apps:
2016-07-07 08:40:42,834 INFO  [main] MainApp (MainApp.java:16) - Starting Apps:
2016-07-07 08:40:42,835 INFO  [main] MainApp (MainApp.java:17) - Set Env:TST
2016-07-07 08:49:44,053 INFO  [main] MainApp (MainApp.java:16) - Starting Apps:
2016-07-07 08:49:44,055 INFO  [main] MainApp (MainApp.java:17) - Set Env:TST
2016-07-07 08:55:09,984 INFO  [main] MainApp (MainApp.java:16) - Starting Apps:
2016-07-07 08:55:09,986 INFO  [main] MainApp (MainApp.java:17) - Set Env:TST
2016-07-07 09:17:27,323 INFO  [main] MainApp (MainApp.java:16) - Starting Apps:
2016-07-07 09:17:27,324 INFO  [main] MainApp (MainApp.java:17) - Set Env:TST
2016-07-07 09:17:39,559 INFO  [main] MainApp (MainApp.java:16) - Starting Apps:
2016-07-07 09:17:39,561 INFO  [main] MainApp (MainApp.java:17) - Set Env:TST
2016-07-07 09:18:27,540 INFO  [main] MainApp (MainApp.java:16) - Starting Apps:
2016-07-07 09:18:27,541 INFO  [main] MainApp (MainApp.java:17) - Set Env:TST
2016-07-07 09:22:54,044 INFO  [main] MainApp (MainApp.java:16) - Starting Apps:
2016-07-07 09:22:54,046 INFO  [main] MainApp (MainApp.java:17) - Set Env:TST
2016-07-07 09:24:50,911 INFO  [main] MainApp (MainApp.java:16) - Starting Apps:
2016-07-07 09:24:50,913 INFO  [main] MainApp (MainApp.java:17) - Set Env:TST
2016-07-07 09:54:41,031 INFO  [main] MainApp (MainApp.java:16) - Starting Apps:
2016-07-07 09:54:41,032 INFO  [main] MainApp (MainApp.java:17) - Set Env:TST
2016-07-07 09:56:56,414 INFO  [main] MainApp (MainApp.java:16) - Starting Apps:
2016-07-07 09:56:56,416 INFO  [main] MainApp (MainApp.java:17) - Set Env:TST
2016-07-07 09:58:00,870 INFO  [main] MainApp (MainApp.java:16) - Starting Apps:
2016-07-07 09:58:00,872 INFO  [main] MainApp (MainApp.java:17) - Set Env:TST
2016-07-07 10:15:53,764 INFO  [main] MainApp (MainApp.java:16) - Starting Apps:
2016-07-07 10:15:53,766 INFO  [main] MainApp (MainApp.java:17) - Set Env:TST
2016-07-07 10:17:45,271 INFO  [main] MainApp (MainApp.java:16) - Starting Apps:
2016-07-07 10:17:45,273 INFO  [main] MainApp (MainApp.java:17) - Set Env:TST
2016-07-07 10:35:58,287 INFO  [main] MainApp (MainApp.java:16) - Starting Apps:
2016-07-07 10:35:58,288 INFO  [main] MainApp (MainApp.java:17) - Set Env:TST
2016-07-07 10:37:09,148 INFO  [main] MainApp (MainApp.java:16) - Starting Apps:
2016-07-07 10:37:09,150 INFO  [main] MainApp (MainApp.java:17) - Set Env:TST
2016-07-07 10:38:19,776 INFO  [main] MainApp (MainApp.java:16) - Starting Apps:
2016-07-07 10:38:19,778 INFO  [main] MainApp (MainApp.java:17) - Set Env:TST
2016-07-07 10:39:39,702 INFO  [main] MainApp (MainApp.java:16) - Starting Apps:
2016-07-07 10:39:39,704 INFO  [main] MainApp (MainApp.java:17) - Set Env:TST
2016-07-07 10:39:54,852 INFO  [main] MainApp (MainApp.java:16) - Starting Apps:
2016-07-07 10:39:54,854 INFO  [main] MainApp (MainApp.java:17) - Set Env:TST
2016-07-07 10:40:34,456 INFO  [main] MainApp (MainApp.java:16) - Starting Apps:
2016-07-07 10:40:34,458 INFO  [main] MainApp (MainApp.java:17) - Set Env:TST
2016-07-07 10:43:44,087 INFO  [main] MainApp (MainApp.java:16) - Starting Apps:
2016-07-07 10:43:44,089 INFO  [main] MainApp (MainApp.java:17) - Set Env:TST
2016-07-07 10:46:19,309 INFO  [main] MainApp (MainApp.java:16) - Starting Apps:
2016-07-07 10:46:19,311 INFO  [main] MainApp (MainApp.java:17) - Set Env:TST
2016-07-07 10:52:03,453 INFO  [main] MainApp (MainApp.java:16) - Starting Apps:
2016-07-07 10:52:03,454 INFO  [main] MainApp (MainApp.java:17) - Set Env:TST
2016-07-07 13:53:10,898 INFO  [main] MainApp (MainApp.java:16) - Starting Apps:
2016-07-07 13:53:10,900 INFO  [main] MainApp (MainApp.java:17) - Set Env:TST
2016-07-07 13:57:20,969 INFO  [AWT-EventQueue-0] MainMenuBar$exitApp (MainMenuBar.java:71) - Application Exited
2016-07-07 14:02:40,072 INFO  [AWT-EventQueue-0] MainMenuBar$exitApp (MainMenuBar.java:80) - Application Exited
2016-07-07 14:04:22,877 INFO  [AWT-EventQueue-0] MainMenuBar$exitApp (MainMenuBar.java:90) - Application Exited
2016-07-07 14:04:49,110 INFO  [AWT-EventQueue-0] MainMenuBar$exitApp (MainMenuBar.java:90) - Application Exited
2016-07-07 14:08:13,871 INFO  [main] MainApp (MainApp.java:16) - Starting Apps:
2016-07-07 14:08:13,872 INFO  [main] MainApp (MainApp.java:17) - Set Env:TST
2016-07-07 14:10:44,624 INFO  [AWT-EventQueue-0] MainMenuBar$exitApp (MainMenuBar.java:80) - Application Exited
2016-07-08 08:12:26,816 INFO  [main] MainApp (MainApp.java:16) - Starting Apps:
2016-07-08 08:12:26,821 INFO  [main] MainApp (MainApp.java:17) - Set Env:TST
2016-07-08 08:18:00,658 INFO  [main] MainApp (MainApp.java:16) - Starting Apps:
2016-07-08 08:18:00,660 INFO  [main] MainApp (MainApp.java:17) - Set Env:TST
2016-07-08 08:26:09,073 INFO  [main] MainApp (MainApp.java:16) - Starting Apps:
2016-07-08 08:26:09,074 INFO  [main] MainApp (MainApp.java:17) - Set Env:TST
2016-07-08 08:30:49,918 INFO  [main] MainApp (MainApp.java:16) - Starting Apps:
2016-07-08 08:30:49,920 INFO  [main] MainApp (MainApp.java:17) - Set Env:TST
2016-07-08 08:44:42,545 INFO  [main] MainApp (MainApp.java:16) - Starting Apps:
2016-07-08 08:44:42,547 INFO  [main] MainApp (MainApp.java:17) - Set Env:TST
2016-07-08 08:45:03,212 INFO  [main] MainApp (MainApp.java:16) - Starting Apps:
2016-07-08 08:45:03,214 INFO  [main] MainApp (MainApp.java:17) - Set Env:TST
2016-07-08 08:48:45,043 INFO  [main] MainApp (MainApp.java:16) - Starting Apps:
2016-07-08 08:48:45,045 INFO  [main] MainApp (MainApp.java:17) - Set Env:TST
2016-07-08 08:50:02,040 INFO  [main] MainApp (MainApp.java:16) - Starting Apps:
2016-07-08 08:50:02,042 INFO  [main] MainApp (MainApp.java:17) - Set Env:TST
2016-07-08 09:01:20,224 INFO  [main] MainApp (MainApp.java:16) - Starting Apps:
2016-07-08 09:01:20,225 INFO  [main] MainApp (MainApp.java:17) - Set Env:TST
2016-07-08 12:30:06,504 INFO  [main] MainApp (MainApp.java:16) - Starting Apps:
2016-07-08 12:30:06,506 INFO  [main] MainApp (MainApp.java:17) - Set Env:TST
2016-07-08 12:46:44,499 INFO  [main] MainApp (MainApp.java:16) - Starting Apps:
2016-07-08 12:46:44,500 INFO  [main] MainApp (MainApp.java:17) - Set Env:TST
2016-07-08 12:56:19,833 INFO  [main] MainApp (MainApp.java:16) - Starting Apps:
2016-07-08 12:56:19,835 INFO  [main] MainApp (MainApp.java:17) - Set Env:TST
2016-07-08 14:02:52,993 INFO  [main] MainApp (MainApp.java:16) - Starting Apps:
2016-07-08 14:02:52,995 INFO  [main] MainApp (MainApp.java:17) - Set Env:TST
2016-07-08 14:24:50,669 DEBUG [main] MainApp (MainApp.java:33) - Logowanie do Sysytemu
2016-07-08 14:29:38,111 INFO  [main] MainApp (MainApp.java:16) - Starting Apps:
2016-07-08 14:29:38,112 INFO  [main] MainApp (MainApp.java:17) - Set Env:TST
2016-07-08 14:29:38,397 DEBUG [main] MainApp (MainApp.java:33) - Logowanie do Sysytemu
2016-07-08 14:30:13,384 INFO  [main] MainApp (MainApp.java:16) - Starting Apps:
2016-07-08 14:30:13,385 INFO  [main] MainApp (MainApp.java:17) - Set Env:TST
2016-07-08 14:30:13,658 DEBUG [main] MainApp (MainApp.java:34) - Logowanie do Sysytemu
2016-07-08 14:39:32,703 INFO  [main] MainApp (MainApp.java:18) - Starting Apps:
2016-07-08 14:39:32,705 INFO  [main] MainApp (MainApp.java:19) - Set Env:TST
2016-07-08 14:39:32,975 DEBUG [main] MainApp (MainApp.java:41) - Logowanie do Sysytemu
2016-07-08 14:43:42,031 INFO  [main] MainApp (MainApp.java:18) - Starting Apps:
2016-07-08 14:43:42,032 INFO  [main] MainApp (MainApp.java:19) - Set Env:TST
2016-07-08 14:43:42,290 DEBUG [main] MainApp (MainApp.java:41) - Logowanie do Systemu
2016-07-08 14:46:59,888 INFO  [main] MainApp (MainApp.java:18) - Starting Apps:
2016-07-08 14:46:59,889 INFO  [main] MainApp (MainApp.java:19) - Set Env:TST
2016-07-08 14:47:00,159 DEBUG [main] MainApp (MainApp.java:41) - Logowanie do Systemu
2016-07-08 14:48:05,873 INFO  [main] MainApp (MainApp.java:18) - Starting Apps:
2016-07-08 14:48:05,875 INFO  [main] MainApp (MainApp.java:19) - Set Env:TST
2016-07-08 14:48:06,145 DEBUG [main] MainApp (MainApp.java:41) - Logowanie do Systemu
2016-07-08 14:56:00,267 INFO  [main] MainApp (MainApp.java:18) - Starting Apps:
2016-07-08 14:56:00,269 INFO  [main] MainApp (MainApp.java:19) - Set Env:TST
2016-07-08 14:56:54,742 DEBUG [main] MainApp (MainApp.java:41) - Logowanie do Systemu
2016-07-08 14:57:12,644 INFO  [main] MainApp (MainApp.java:18) - Starting Apps:
2016-07-08 14:57:12,646 INFO  [main] MainApp (MainApp.java:19) - Set Env:TST
2016-07-08 14:59:10,180 INFO  [main] MainApp (MainApp.java:18) - Starting Apps:
2016-07-08 14:59:10,182 INFO  [main] MainApp (MainApp.java:19) - Set Env:TST
2016-07-08 14:59:47,122 INFO  [main] MainApp (MainApp.java:18) - Starting Apps:
2016-07-08 14:59:47,124 INFO  [main] MainApp (MainApp.java:19) - Set Env:TST
2016-07-08 15:02:59,031 INFO  [main] MainApp (MainApp.java:18) - Starting Apps:
2016-07-08 15:02:59,033 INFO  [main] MainApp (MainApp.java:19) - Set Env:TST
2016-07-08 15:04:55,712 INFO  [main] MainApp (MainApp.java:18) - Starting Apps:
2016-07-08 15:04:55,714 INFO  [main] MainApp (MainApp.java:19) - Set Env:TST
2016-07-08 15:05:52,616 DEBUG [main] MainApp (MainApp.java:41) - Logowanie do Systemu
2016-07-08 15:06:46,051 DEBUG [main] MainApp (MainApp.java:44) - Poprawne has這 !!
2016-07-08 15:07:31,418 INFO  [main] MainApp (MainApp.java:18) - Starting Apps:
2016-07-08 15:07:31,419 INFO  [main] MainApp (MainApp.java:19) - Set Env:TST
2016-07-08 15:07:31,692 DEBUG [main] MainApp (MainApp.java:41) - Logowanie do Systemu
2016-07-08 15:08:36,165 INFO  [main] MainApp (MainApp.java:18) - Starting Apps:
2016-07-08 15:08:36,166 INFO  [main] MainApp (MainApp.java:19) - Set Env:TST
2016-07-08 15:08:36,424 DEBUG [main] MainApp (MainApp.java:41) - Logowanie do Systemu
2016-07-08 15:08:36,424 DEBUG [main] MainApp (MainApp.java:47) - B豉d Logowania !!
2016-07-08 15:11:09,634 INFO  [main] MainApp (MainApp.java:18) - Starting Apps:
2016-07-08 15:11:09,635 INFO  [main] MainApp (MainApp.java:19) - Set Env:TST
2016-07-08 15:11:09,907 DEBUG [main] MainApp (MainApp.java:41) - Logowanie do Systemu
2016-07-08 15:11:09,907 DEBUG [main] MainApp (MainApp.java:47) - B豉d Logowania !!
2016-07-08 15:15:11,404 INFO  [main] MainApp (MainApp.java:16) - Starting Apps:
2016-07-08 15:15:11,405 INFO  [main] MainApp (MainApp.java:17) - Set Env:TST
2016-07-08 15:16:27,731 INFO  [main] MainApp (MainApp.java:16) - Starting Apps:
2016-07-08 15:16:27,733 INFO  [main] MainApp (MainApp.java:17) - Set Env:TST
2016-07-08 15:16:32,409 DEBUG [main] MainApp (MainApp.java:28) - Logowanie do Systemu
2016-07-08 15:16:32,410 DEBUG [main] MainApp (MainApp.java:31) - Poprawne has這 !!
2016-07-08 15:19:12,797 INFO  [main] MainApp (MainApp.java:16) - Starting Apps:
2016-07-08 15:19:12,799 INFO  [main] MainApp (MainApp.java:17) - Set Env:TST
2016-07-08 15:19:19,253 DEBUG [main] MainApp (MainApp.java:28) - Logowanie do Systemu
2016-07-08 15:19:19,255 DEBUG [main] MainApp (MainApp.java:31) - Poprawne has這 !!
2016-07-08 15:19:59,903 INFO  [main] MainApp (MainApp.java:16) - Starting Apps:
2016-07-08 15:19:59,905 INFO  [main] MainApp (MainApp.java:17) - Set Env:TST
2016-07-08 15:20:02,169 DEBUG [main] MainApp (MainApp.java:28) - Logowanie do Systemu
2016-07-08 15:20:02,170 DEBUG [main] MainApp (MainApp.java:31) - Poprawne has這 !!
2016-07-08 15:20:09,785 INFO  [main] MainApp (MainApp.java:16) - Starting Apps:
2016-07-08 15:20:09,787 INFO  [main] MainApp (MainApp.java:17) - Set Env:TST
2016-07-08 15:20:17,634 DEBUG [main] MainApp (MainApp.java:28) - Logowanie do Systemu
2016-07-08 15:20:17,635 DEBUG [main] MainApp (MainApp.java:34) - B豉d Logowania !!
2016-07-11 08:46:53,434 INFO  [main] MainApp (MainApp.java:16) - Starting Apps:
2016-07-11 08:46:53,439 INFO  [main] MainApp (MainApp.java:17) - Set Env:TST
2016-07-11 08:46:58,676 DEBUG [main] MainApp (MainApp.java:28) - Logowanie do Systemu
2016-07-11 08:46:58,676 DEBUG [main] MainApp (MainApp.java:31) - Poprawne has這 !!
2016-07-11 08:47:32,907 INFO  [main] MainApp (MainApp.java:16) - Starting Apps:
2016-07-11 08:47:32,908 INFO  [main] MainApp (MainApp.java:17) - Set Env:TST
2016-07-11 08:47:40,601 DEBUG [main] MainApp (MainApp.java:28) - Logowanie do Systemu
2016-07-11 08:47:40,601 DEBUG [main] MainApp (MainApp.java:31) - Poprawne has這 !!
2016-07-11 09:17:02,236 INFO  [main] MainApp (MainApp.java:16) - Starting Apps:
2016-07-11 09:17:02,238 INFO  [main] MainApp (MainApp.java:17) - Set Env:TST
2016-07-11 09:17:51,824 INFO  [main] MainApp (MainApp.java:16) - Starting Apps:
2016-07-11 09:17:51,826 INFO  [main] MainApp (MainApp.java:17) - Set Env:TST
2016-07-11 09:17:51,831 INFO  [main] MainApp (MainApp.java:22) - 18430467_kontakt
2016-07-11 09:20:45,334 DEBUG [main] MainApp (MainApp.java:30) - Logowanie do Systemu
2016-07-11 09:20:45,335 DEBUG [main] MainApp (MainApp.java:33) - Poprawne has這 !!
2016-07-11 09:20:47,785 DEBUG [main] MainApp (MainApp.java:30) - Logowanie do Systemu
2016-07-11 09:20:47,786 DEBUG [main] MainApp (MainApp.java:36) - B豉d Logowania !!
2016-07-11 10:11:38,352 INFO  [main] MainApp (MainApp.java:17) - Starting Apps:
2016-07-11 10:11:38,353 INFO  [main] MainApp (MainApp.java:18) - Set Env:TST
2016-07-11 10:11:38,354 INFO  [main] MainApp (MainApp.java:22) - 18430467_kontakt
2016-07-11 10:11:40,799 DEBUG [main] MainApp (MainApp.java:29) - Logowanie do Systemu
2016-07-11 10:11:40,799 DEBUG [main] MainApp (MainApp.java:32) - Poprawne has這 !!
2016-07-19 15:36:27,418 INFO  [main] MainApp (MainApp.java:17) - Starting Apps:
2016-07-19 15:36:27,420 INFO  [main] MainApp (MainApp.java:18) - Set Env:null
2016-07-19 15:36:58,976 INFO  [main] MainApp (MainApp.java:17) - Starting Apps:
2016-07-19 15:36:58,978 INFO  [main] MainApp (MainApp.java:18) - Set Env:null
2016-07-19 15:37:42,001 INFO  [main] MainApp (MainApp.java:17) - Starting Apps:
2016-07-19 15:37:42,003 INFO  [main] MainApp (MainApp.java:18) - Set Env:null
2016-07-19 15:37:44,418 DEBUG [main] MainApp (MainApp.java:28) - Logowanie do Systemu
2016-07-19 15:37:44,419 DEBUG [main] MainApp (MainApp.java:31) - Poprawne has這 !!
2016-07-22 12:46:21,642 INFO  [main] MainApp (MainApp.java:17) - Starting Apps:
2016-07-22 12:46:21,644 INFO  [main] MainApp (MainApp.java:18) - Set Env:null
2016-07-22 12:46:24,061 DEBUG [main] MainApp (MainApp.java:28) - Logowanie do Systemu
2016-07-22 12:46:24,061 DEBUG [main] MainApp (MainApp.java:31) - Poprawne has這 !!
2016-07-25 08:31:55,389 INFO  [main] MainApp (MainApp.java:17) - Starting Apps:
2016-07-25 08:31:55,391 INFO  [main] MainApp (MainApp.java:18) - Set Env:null
2016-07-25 08:31:59,476 DEBUG [main] MainApp (MainApp.java:28) - Logowanie do Systemu
2016-07-25 08:31:59,477 DEBUG [main] MainApp (MainApp.java:31) - Poprawne has這 !!
2016-07-25 08:33:02,604 INFO  [main] MainApp (MainApp.java:17) - Starting Apps:
2016-07-25 08:33:02,606 INFO  [main] MainApp (MainApp.java:18) - Set Env:null
2016-07-25 08:33:11,411 DEBUG [main] MainApp (MainApp.java:28) - Logowanie do Systemu
2016-07-25 08:33:11,412 DEBUG [main] MainApp (MainApp.java:34) - B豉d Logowania !!
2016-07-25 08:35:32,238 INFO  [main] MainApp (MainApp.java:17) - Starting Apps:
2016-07-25 08:35:32,240 INFO  [main] MainApp (MainApp.java:18) - Set Env:null
2016-07-25 08:35:37,476 DEBUG [main] MainApp (MainApp.java:28) - Logowanie do Systemu
2016-07-25 08:35:37,476 DEBUG [main] MainApp (MainApp.java:34) - B豉d Logowania !!
2016-07-25 08:36:47,538 INFO  [main] MainApp (MainApp.java:17) - Starting Apps:
2016-07-25 08:36:47,540 INFO  [main] MainApp (MainApp.java:18) - Set Env:null
2016-07-25 08:36:51,307 DEBUG [main] MainApp (MainApp.java:28) - Logowanie do Systemu
2016-07-25 08:36:51,308 DEBUG [main] MainApp (MainApp.java:34) - B豉d Logowania !!
2016-07-25 08:55:51,072 INFO  [main] MainApp (MainApp.java:18) - Starting Apps:
2016-07-25 08:55:51,074 INFO  [main] MainApp (MainApp.java:19) - Set Env:null
2016-07-25 08:55:55,412 DEBUG [main] MainApp (MainApp.java:30) - Logowanie do Systemu
2016-07-25 08:55:55,413 DEBUG [main] MainApp (MainApp.java:33) - Poprawne has這 !!
2016-07-25 08:56:01,145 INFO  [main] MainApp (MainApp.java:18) - Starting Apps:
2016-07-25 08:56:01,147 INFO  [main] MainApp (MainApp.java:19) - Set Env:null
2016-07-25 08:56:08,275 DEBUG [main] MainApp (MainApp.java:30) - Logowanie do Systemu
2016-07-25 08:56:08,276 DEBUG [main] MainApp (MainApp.java:36) - B豉d Logowania !!
2016-07-25 08:58:19,087 INFO  [main] MainApp (MainApp.java:18) - Starting Apps:
2016-07-25 08:58:21,896 INFO  [main] MainApp (MainApp.java:19) - Set Env:null
2016-07-25 08:58:48,480 DEBUG [main] MainApp (MainApp.java:30) - Logowanie do Systemu
2016-07-25 08:58:48,481 DEBUG [main] MainApp (MainApp.java:36) - B豉d Logowania !!
2016-07-25 09:01:03,651 INFO  [main] MainApp (MainApp.java:18) - Starting Apps:
2016-07-25 09:01:03,653 INFO  [main] MainApp (MainApp.java:19) - Set Env:null
2016-07-25 09:01:08,050 DEBUG [main] MainApp (MainApp.java:30) - Logowanie do Systemu
2016-07-25 09:01:08,050 DEBUG [main] MainApp (MainApp.java:36) - B豉d Logowania !!
2016-07-25 09:01:13,626 INFO  [main] MainApp (MainApp.java:18) - Starting Apps:
2016-07-25 09:01:13,627 INFO  [main] MainApp (MainApp.java:19) - Set Env:null
2016-07-25 09:01:26,002 DEBUG [main] MainApp (MainApp.java:30) - Logowanie do Systemu
2016-07-25 09:01:26,002 DEBUG [main] MainApp (MainApp.java:33) - Poprawne has這 !!
2016-07-25 09:02:35,539 INFO  [main] MainApp (MainApp.java:18) - Starting Apps:
2016-07-25 09:02:35,540 INFO  [main] MainApp (MainApp.java:19) - Set Env:null
2016-07-25 09:02:37,840 DEBUG [main] MainApp (MainApp.java:30) - Logowanie do Systemu
2016-07-25 09:02:37,841 DEBUG [main] MainApp (MainApp.java:33) - Poprawne has這 !!
2016-07-25 09:03:22,796 INFO  [main] MainApp (MainApp.java:18) - Starting Apps:
2016-07-25 09:03:22,797 INFO  [main] MainApp (MainApp.java:19) - Set Env:null
2016-07-25 09:03:25,187 DEBUG [main] MainApp (MainApp.java:30) - Logowanie do Systemu
2016-07-25 09:03:25,187 DEBUG [main] MainApp (MainApp.java:33) - Poprawne has這 !!
2016-07-25 09:03:35,496 INFO  [main] MainApp (MainApp.java:18) - Starting Apps:
2016-07-25 09:03:35,497 INFO  [main] MainApp (MainApp.java:19) - Set Env:null
2016-07-25 09:03:38,079 DEBUG [main] MainApp (MainApp.java:30) - Logowanie do Systemu
2016-07-25 09:03:38,079 DEBUG [main] MainApp (MainApp.java:33) - Poprawne has這 !!
2016-07-25 09:03:48,768 INFO  [main] MainApp (MainApp.java:18) - Starting Apps:
2016-07-25 09:03:48,770 INFO  [main] MainApp (MainApp.java:19) - Set Env:null
2016-07-25 09:03:52,539 DEBUG [main] MainApp (MainApp.java:30) - Logowanie do Systemu
2016-07-25 09:03:52,539 DEBUG [main] MainApp (MainApp.java:33) - Poprawne has這 !!
2016-07-25 09:05:40,335 INFO  [main] MainApp (MainApp.java:18) - Starting Apps:
2016-07-25 09:05:40,336 INFO  [main] MainApp (MainApp.java:19) - Set Env:null
2016-07-25 09:05:47,756 INFO  [main] MainApp (MainApp.java:18) - Starting Apps:
2016-07-25 09:05:47,758 INFO  [main] MainApp (MainApp.java:19) - Set Env:null
2016-07-25 09:05:51,218 DEBUG [main] MainApp (MainApp.java:30) - Logowanie do Systemu
2016-07-25 09:05:51,219 DEBUG [main] MainApp (MainApp.java:36) - B豉d Logowania !!
2016-07-25 09:08:01,974 INFO  [main] MainApp (MainApp.java:18) - Starting Apps:
2016-07-25 09:08:01,976 INFO  [main] MainApp (MainApp.java:19) - Set Env:null
2016-07-25 09:08:15,304 INFO  [main] MainApp (MainApp.java:18) - Starting Apps:
2016-07-25 09:08:15,306 INFO  [main] MainApp (MainApp.java:19) - Set Env:null
2016-07-25 09:09:18,589 INFO  [main] MainApp (MainApp.java:18) - Starting Apps:
2016-07-25 09:09:18,591 INFO  [main] MainApp (MainApp.java:19) - Set Env:null
2016-07-25 09:09:21,991 DEBUG [main] MainApp (MainApp.java:30) - Logowanie do Systemu
2016-07-25 09:09:21,991 DEBUG [main] MainApp (MainApp.java:33) - Poprawne has這 !!
2016-07-25 09:12:27,038 INFO  [main] MainApp (MainApp.java:18) - Starting Apps:
2016-07-25 09:12:27,040 INFO  [main] MainApp (MainApp.java:19) - Set Env:null
2016-07-25 09:27:56,246 INFO  [main] MainApp (MainApp.java:18) - Starting Apps:
2016-07-25 09:27:56,248 INFO  [main] MainApp (MainApp.java:19) - Set Env:null
2016-07-25 09:32:11,805 INFO  [main] MainApp (MainApp.java:18) - Starting Apps:
2016-07-25 09:32:11,806 INFO  [main] MainApp (MainApp.java:19) - Set Env:null
2016-07-25 09:32:19,216 DEBUG [main] MainApp (MainApp.java:30) - Logowanie do Systemu
2016-07-25 09:32:19,217 DEBUG [main] MainApp (MainApp.java:36) - B豉d Logowania !!
2016-07-25 09:37:41,566 INFO  [main] MainApp (MainApp.java:18) - Starting Apps:
2016-07-25 09:37:41,568 INFO  [main] MainApp (MainApp.java:19) - Set Env:null
2016-07-25 09:38:17,281 INFO  [main] MainApp (MainApp.java:18) - Starting Apps:
2016-07-25 09:38:17,282 INFO  [main] MainApp (MainApp.java:19) - Set Env:null
2016-07-25 09:38:26,748 INFO  [main] MainApp (MainApp.java:18) - Starting Apps:
2016-07-25 09:38:26,750 INFO  [main] MainApp (MainApp.java:19) - Set Env:null
2016-07-25 09:38:30,889 DEBUG [main] MainApp (MainApp.java:30) - Logowanie do Systemu
2016-07-25 09:38:30,890 DEBUG [main] MainApp (MainApp.java:36) - B豉d Logowania !!
2016-07-25 09:39:55,493 INFO  [main] MainApp (MainApp.java:18) - Starting Apps:
2016-07-25 09:39:55,495 INFO  [main] MainApp (MainApp.java:19) - Set Env:null
2016-07-25 09:40:01,380 DEBUG [main] MainApp (MainApp.java:30) - Logowanie do Systemu
2016-07-25 09:40:01,381 DEBUG [main] MainApp (MainApp.java:36) - B豉d Logowania !!
2016-07-25 09:44:58,691 INFO  [main] MainApp (MainApp.java:18) - Starting Apps:
2016-07-25 09:44:58,693 INFO  [main] MainApp (MainApp.java:19) - Set Env:null
2016-07-25 09:45:01,954 DEBUG [main] MainApp (MainApp.java:30) - Logowanie do Systemu
2016-07-25 09:45:01,954 DEBUG [main] MainApp (MainApp.java:36) - B豉d Logowania !!
2016-07-25 09:49:44,479 INFO  [main] MainApp (MainApp.java:18) - Starting Apps:
2016-07-25 09:49:44,481 INFO  [main] MainApp (MainApp.java:19) - Set Env:null
2016-07-25 09:49:47,843 DEBUG [main] MainApp (MainApp.java:30) - Logowanie do Systemu
2016-07-25 09:49:47,844 DEBUG [main] MainApp (MainApp.java:36) - B豉d Logowania !!
2016-07-25 09:49:54,788 INFO  [main] MainApp (MainApp.java:18) - Starting Apps:
2016-07-25 09:49:54,790 INFO  [main] MainApp (MainApp.java:19) - Set Env:null
2016-07-25 09:49:56,853 DEBUG [main] MainApp (MainApp.java:30) - Logowanie do Systemu
2016-07-25 09:49:56,854 DEBUG [main] MainApp (MainApp.java:33) - Poprawne has這 !!
2016-07-25 09:53:29,729 INFO  [main] MainApp (MainApp.java:18) - Starting Apps:
2016-07-25 09:53:29,730 INFO  [main] MainApp (MainApp.java:19) - Set Env:null
2016-07-25 09:53:44,029 DEBUG [main] MainApp (MainApp.java:30) - Logowanie do Systemu
2016-07-25 09:53:44,030 DEBUG [main] MainApp (MainApp.java:36) - B豉d Logowania !!
2016-07-25 09:53:57,271 INFO  [main] MainApp (MainApp.java:18) - Starting Apps:
2016-07-25 09:53:57,273 INFO  [main] MainApp (MainApp.java:19) - Set Env:null
2016-07-25 09:54:01,431 DEBUG [main] MainApp (MainApp.java:30) - Logowanie do Systemu
2016-07-25 09:54:01,432 DEBUG [main] MainApp (MainApp.java:36) - B豉d Logowania !!
2016-07-25 10:00:27,681 INFO  [main] MainApp (MainApp.java:18) - Starting Apps:
2016-07-25 10:00:27,683 INFO  [main] MainApp (MainApp.java:19) - Set Env:null
2016-07-25 10:00:31,351 DEBUG [main] MainApp (MainApp.java:30) - Logowanie do Systemu
2016-07-25 10:00:31,352 DEBUG [main] MainApp (MainApp.java:36) - B豉d Logowania !!
2016-07-25 10:01:28,492 INFO  [main] MainApp (MainApp.java:18) - Starting Apps:
2016-07-25 10:01:28,493 INFO  [main] MainApp (MainApp.java:19) - Set Env:null
2016-07-25 10:01:40,850 INFO  [main] MainApp (MainApp.java:18) - Starting Apps:
2016-07-25 10:01:40,852 INFO  [main] MainApp (MainApp.java:19) - Set Env:null
2016-07-25 10:01:43,383 DEBUG [main] MainApp (MainApp.java:30) - Logowanie do Systemu
2016-07-25 10:01:43,383 DEBUG [main] MainApp (MainApp.java:33) - Poprawne has這 !!
2016-07-25 10:02:47,043 INFO  [main] MainApp (MainApp.java:18) - Starting Apps:
2016-07-25 10:02:47,044 INFO  [main] MainApp (MainApp.java:19) - Set Env:null
2016-07-25 10:04:20,944 INFO  [main] MainApp (MainApp.java:18) - Starting Apps:
2016-07-25 10:04:20,945 INFO  [main] MainApp (MainApp.java:19) - Set Env:null
2016-07-25 10:04:34,221 INFO  [main] MainApp (MainApp.java:18) - Starting Apps:
2016-07-25 10:04:34,222 INFO  [main] MainApp (MainApp.java:19) - Set Env:null
2016-07-25 10:05:59,297 INFO  [main] MainApp (MainApp.java:18) - Starting Apps:
2016-07-25 10:05:59,298 INFO  [main] MainApp (MainApp.java:19) - Set Env:null
2016-07-25 10:06:12,498 INFO  [main] MainApp (MainApp.java:18) - Starting Apps:
2016-07-25 10:06:12,500 INFO  [main] MainApp (MainApp.java:19) - Set Env:null
2016-07-25 10:06:15,217 DEBUG [main] MainApp (MainApp.java:30) - Logowanie do Systemu
2016-07-25 10:06:15,218 DEBUG [main] MainApp (MainApp.java:36) - B豉d Logowania !!
2016-07-25 10:07:39,826 INFO  [main] MainApp (MainApp.java:18) - Starting Apps:
2016-07-25 10:07:39,828 INFO  [main] MainApp (MainApp.java:19) - Set Env:null
2016-07-25 10:07:48,954 INFO  [main] MainApp (MainApp.java:18) - Starting Apps:
2016-07-25 10:07:48,956 INFO  [main] MainApp (MainApp.java:19) - Set Env:null
2016-07-25 10:07:50,118 DEBUG [main] MainApp (MainApp.java:30) - Logowanie do Systemu
2016-07-25 10:07:50,118 DEBUG [main] MainApp (MainApp.java:33) - Poprawne has這 !!
2016-07-25 10:08:51,540 INFO  [main] MainApp (MainApp.java:18) - Starting Apps:
2016-07-25 10:08:51,542 INFO  [main] MainApp (MainApp.java:19) - Set Env:null
2016-07-25 10:08:53,142 DEBUG [main] MainApp (MainApp.java:30) - Logowanie do Systemu
2016-07-25 10:08:53,142 DEBUG [main] MainApp (MainApp.java:33) - Poprawne has這 !!
2016-07-25 10:25:12,884 INFO  [main] MainApp (MainApp.java:18) - Starting Apps:
2016-07-25 10:25:12,886 INFO  [main] MainApp (MainApp.java:19) - Set Env:TST
2016-07-25 10:25:16,285 DEBUG [main] MainApp (MainApp.java:30) - Logowanie do Systemu
2016-07-25 10:25:16,285 DEBUG [main] MainApp (MainApp.java:33) - Poprawne has這 !!
2016-07-25 10:28:07,957 INFO  [main] MainApp (MainApp.java:18) - Starting Apps:
2016-07-25 10:28:07,959 INFO  [main] MainApp (MainApp.java:19) - Set Env:null
2016-07-25 10:30:14,354 INFO  [main] MainApp (MainApp.java:18) - Starting Apps:
2016-07-25 10:30:14,355 INFO  [main] MainApp (MainApp.java:19) - Set Env:null
2016-07-25 10:30:30,512 INFO  [main] MainApp (MainApp.java:18) - Starting Apps:
2016-07-25 10:31:33,308 INFO  [main] MainApp (MainApp.java:18) - Starting Apps:
2016-07-25 10:32:19,220 INFO  [main] MainApp (MainApp.java:18) - Starting Apps:
2016-07-25 10:32:22,627 DEBUG [main] MainApp (MainApp.java:34) - Logowanie do Systemu
2016-07-25 10:32:22,628 DEBUG [main] MainApp (MainApp.java:37) - Poprawne has這 !!
2016-07-25 10:33:05,333 INFO  [main] MainApp (MainApp.java:18) - Starting Apps:
2016-07-25 10:33:07,343 DEBUG [main] MainApp (MainApp.java:34) - Logowanie do Systemu
2016-07-25 10:33:07,344 DEBUG [main] MainApp (MainApp.java:37) - Poprawne has這 !!
2016-07-25 10:33:55,200 INFO  [main] MainApp (MainApp.java:18) - Starting Apps:
2016-07-25 10:33:57,680 DEBUG [main] MainApp (MainApp.java:34) - Logowanie do Systemu
2016-07-25 10:33:57,680 DEBUG [main] MainApp (MainApp.java:37) - Poprawne has這 !!
2016-07-25 10:50:52,306 INFO  [main] MainApp (MainApp.java:18) - Starting Apps:
2016-07-25 10:50:52,308 DEBUG [main] PropertiesApp (PropertiesApp.java:22) - Mode Set: Prod
2016-07-25 10:50:52,309 INFO  [main] MainApp (MainApp.java:26) - null
2016-07-25 10:55:10,137 INFO  [main] MainApp (MainApp.java:18) - Starting Apps:
2016-07-25 10:55:10,139 DEBUG [main] PropertiesApp (PropertiesApp.java:24) - Mode Set: Dev
2016-07-25 10:55:10,140 INFO  [main] MainApp (MainApp.java:26) - 18430467_kontakt
2016-07-25 10:58:09,578 INFO  [main] MainApp (MainApp.java:18) - Starting Apps:
2016-07-25 10:58:09,580 INFO  [main] MainApp (MainApp.java:20) - Mode: Dev
2016-07-25 10:58:09,581 INFO  [main] MainApp (MainApp.java:22) - 18430467_kontakt
2016-07-25 11:52:36,545 DEBUG [main] MainApp (MainApp.java:33) - Logowanie do Systemu
2016-07-25 11:52:36,546 DEBUG [main] MainApp (MainApp.java:36) - Poprawne has這 !!
2016-07-25 11:57:31,726 INFO  [main] MainApp (MainApp.java:18) - Starting Apps:
2016-07-25 11:57:31,728 INFO  [main] MainApp (MainApp.java:20) - Mode: Dev
2016-07-25 11:57:31,729 INFO  [main] MainApp (MainApp.java:22) - 18430467_kontakt
2016-07-25 11:57:34,729 DEBUG [main] MainApp (MainApp.java:29) - Logowanie do Systemu
2016-07-25 11:57:34,730 DEBUG [main] MainApp (MainApp.java:32) - Poprawne has這 !!
2016-07-25 12:01:36,799 INFO  [main] MainApp (MainApp.java:18) - Starting Apps:
2016-07-25 12:01:36,801 INFO  [main] MainApp (MainApp.java:20) - Mode: Dev
2016-07-25 12:01:36,801 INFO  [main] MainApp (MainApp.java:22) - 18430467_kontakt
2016-07-25 12:01:36,802 INFO  [main] MainApp (MainApp.java:23) - jank
2016-07-25 12:01:36,802 INFO  [main] MainApp (MainApp.java:24) - $5ea8e83fae061e33f85efd76f7d8dc86
2016-07-25 12:04:03,438 INFO  [main] MainApp (MainApp.java:18) - Starting Apps:
2016-07-25 12:04:03,440 INFO  [main] MainApp (MainApp.java:20) - Mode: Dev
2016-07-25 12:04:03,441 INFO  [main] MainApp (MainApp.java:22) - 18430467_kontakt
2016-07-25 12:04:03,441 INFO  [main] MainApp (MainApp.java:23) - jank
2016-07-25 12:04:03,442 INFO  [main] MainApp (MainApp.java:24) - $5ea8e83fae061e33f85efd76f7d8dc86
2016-07-25 12:04:06,364 DEBUG [main] MainApp (MainApp.java:31) - Logowanie do Systemu
2016-07-25 12:04:06,364 DEBUG [main] MainApp (MainApp.java:34) - Poprawne has這 !!
2016-07-25 12:30:35,890 INFO  [main] MainApp (MainApp.java:18) - Starting Apps:
2016-07-25 12:30:35,892 INFO  [main] MainApp (MainApp.java:20) - Mode: Dev
2016-07-25 12:30:39,227 DEBUG [main] MainApp (MainApp.java:31) - Logowanie do Systemu
2016-07-25 12:30:39,228 DEBUG [main] MainApp (MainApp.java:34) - Poprawne has這 !!
2016-07-25 13:05:54,438 INFO  [main] MainApp (MainApp.java:18) - Starting Apps:
2016-07-25 13:05:54,440 INFO  [main] MainApp (MainApp.java:20) - Mode: Dev
2016-07-25 13:09:18,854 INFO  [main] MainApp (MainApp.java:18) - Starting Apps:
2016-07-25 13:09:18,856 INFO  [main] MainApp (MainApp.java:20) - Mode: Dev
2016-07-25 13:09:33,588 DEBUG [main] MainApp (MainApp.java:31) - Logowanie do Systemu
2016-07-25 13:09:33,589 DEBUG [main] MainApp (MainApp.java:34) - Poprawne has這 !!
2016-07-25 13:14:22,005 INFO  [main] MainApp (MainApp.java:18) - Starting Apps:
2016-07-25 13:14:22,007 INFO  [main] MainApp (MainApp.java:20) - Mode: Dev
2016-07-25 13:21:05,502 INFO  [main] MainApp (MainApp.java:18) - Starting Apps:
2016-07-25 13:21:05,504 INFO  [main] MainApp (MainApp.java:20) - Mode: Dev
2016-07-25 13:30:58,769 INFO  [main] MainApp (MainApp.java:18) - Starting Apps:
2016-07-25 13:30:58,771 INFO  [main] MainApp (MainApp.java:20) - Mode: Dev
2016-07-25 13:31:18,487 INFO  [main] MainApp (MainApp.java:18) - Starting Apps:
2016-07-25 13:31:18,490 INFO  [main] MainApp (MainApp.java:20) - Mode: Dev
2016-07-25 13:31:25,592 INFO  [main] MainApp (MainApp.java:18) - Starting Apps:
2016-07-25 13:31:25,595 INFO  [main] MainApp (MainApp.java:20) - Mode: Dev
2016-07-25 14:03:46,866 INFO  [main] MainApp (MainApp.java:18) - Starting Apps:
2016-07-25 14:03:46,869 INFO  [main] MainApp (MainApp.java:20) - Mode: Dev
2016-07-25 14:04:00,236 DEBUG [main] MainApp (MainApp.java:31) - Logowanie do Systemu
2016-07-25 14:04:00,237 DEBUG [main] MainApp (MainApp.java:34) - Poprawne has這 !!
2016-07-25 14:06:12,332 INFO  [main] MainApp (MainApp.java:18) - Starting Apps:
2016-07-25 14:06:12,334 INFO  [main] MainApp (MainApp.java:20) - Mode: Dev
2016-07-25 14:09:06,130 INFO  [main] MainApp (MainApp.java:18) - Starting Apps:
2016-07-25 14:09:06,132 INFO  [main] MainApp (MainApp.java:20) - Mode: Dev
2016-07-25 14:09:17,958 DEBUG [main] MainApp (MainApp.java:31) - Logowanie do Systemu
2016-07-25 14:09:17,959 DEBUG [main] MainApp (MainApp.java:34) - Poprawne has這 !!
2016-07-25 14:14:35,163 INFO  [main] MainApp (MainApp.java:18) - Starting Apps:
2016-07-25 14:14:35,165 INFO  [main] MainApp (MainApp.java:20) - Mode: Dev
2016-07-25 14:14:45,382 DEBUG [main] MainApp (MainApp.java:31) - Logowanie do Systemu
2016-07-25 14:14:45,383 DEBUG [main] MainApp (MainApp.java:34) - Poprawne has這 !!
2016-07-25 14:22:20,332 INFO  [main] MainApp (MainApp.java:18) - Starting Apps:
2016-07-25 14:22:20,334 INFO  [main] MainApp (MainApp.java:20) - Mode: Dev
2016-07-25 14:22:29,154 DEBUG [main] MainApp (MainApp.java:31) - Logowanie do Systemu
2016-07-25 14:22:29,155 DEBUG [main] MainApp (MainApp.java:34) - Poprawne has這 !!
2016-07-25 14:45:38,367 INFO  [main] MainApp (MainApp.java:18) - Starting Apps:
2016-07-25 14:45:38,369 INFO  [main] MainApp (MainApp.java:20) - Mode: Dev
2016-07-25 14:45:51,782 DEBUG [main] MainApp (MainApp.java:31) - Logowanie do Systemu
2016-07-25 14:45:51,783 DEBUG [main] MainApp (MainApp.java:34) - Poprawne has這 !!
2016-07-25 14:57:05,589 INFO  [main] MainApp (MainApp.java:18) - Starting Apps:
2016-07-25 14:57:05,591 INFO  [main] MainApp (MainApp.java:20) - Mode: Dev
2016-07-25 14:57:18,354 DEBUG [main] MainApp (MainApp.java:31) - Logowanie do Systemu
2016-07-25 14:57:18,355 DEBUG [main] MainApp (MainApp.java:34) - Poprawne has這 !!
2016-07-26 07:37:22,974 INFO  [main] MainApp (MainApp.java:18) - Starting Apps:
2016-07-26 07:37:22,975 INFO  [main] MainApp (MainApp.java:20) - Mode: Dev
2016-07-26 07:37:35,952 DEBUG [main] MainApp (MainApp.java:31) - Logowanie do Systemu
2016-07-26 07:37:35,952 DEBUG [main] MainApp (MainApp.java:34) - Poprawne has這 !!
2016-07-26 07:40:44,613 INFO  [main] MainApp (MainApp.java:18) - Starting Apps:
2016-07-26 07:40:44,615 INFO  [main] MainApp (MainApp.java:20) - Mode: Dev
2016-07-26 07:55:19,831 INFO  [main] MainApp (MainApp.java:18) - Starting Apps:
2016-07-26 07:55:19,833 INFO  [main] MainApp (MainApp.java:20) - Mode: Dev
2016-07-26 07:56:53,207 INFO  [main] MainApp (MainApp.java:18) - Starting Apps:
2016-07-26 07:56:53,209 INFO  [main] MainApp (MainApp.java:20) - Mode: Dev
2016-07-26 08:09:31,819 INFO  [main] MainApp (MainApp.java:18) - Starting Apps:
2016-07-26 08:09:31,821 INFO  [main] MainApp (MainApp.java:20) - Mode: Dev
2016-07-26 08:10:18,680 INFO  [main] MainApp (MainApp.java:18) - Starting Apps:
2016-07-26 08:10:18,682 INFO  [main] MainApp (MainApp.java:20) - Mode: Dev
2016-07-26 08:17:48,109 INFO  [main] MainApp (MainApp.java:18) - Starting Apps:
2016-07-26 08:17:48,111 INFO  [main] MainApp (MainApp.java:20) - Mode: Dev
2016-07-26 08:17:54,105 INFO  [main] MainApp (MainApp.java:18) - Starting Apps:
2016-07-26 08:17:54,106 INFO  [main] MainApp (MainApp.java:20) - Mode: Dev
2016-07-26 08:19:30,458 INFO  [main] MainApp (MainApp.java:18) - Starting Apps:
2016-07-26 08:19:30,460 INFO  [main] MainApp (MainApp.java:20) - Mode: Dev
2016-07-26 08:19:33,690 INFO  [main] MainApp (MainApp.java:18) - Starting Apps:
2016-07-26 08:19:33,692 INFO  [main] MainApp (MainApp.java:20) - Mode: Dev
2016-07-26 08:20:51,267 INFO  [main] MainApp (MainApp.java:18) - Starting Apps:
2016-07-26 08:20:51,269 INFO  [main] MainApp (MainApp.java:20) - Mode: Dev
2016-07-26 08:23:47,363 INFO  [main] MainApp (MainApp.java:18) - Starting Apps:
2016-07-26 08:23:47,365 INFO  [main] MainApp (MainApp.java:20) - Mode: Dev
2016-07-26 08:24:15,077 INFO  [main] MainApp (MainApp.java:18) - Starting Apps:
2016-07-26 08:24:15,079 INFO  [main] MainApp (MainApp.java:20) - Mode: Dev
2016-07-26 08:24:42,660 INFO  [main] MainApp (MainApp.java:18) - Starting Apps:
2016-07-26 08:24:42,662 INFO  [main] MainApp (MainApp.java:20) - Mode: Dev
2016-07-26 08:25:45,263 INFO  [main] MainApp (MainApp.java:18) - Starting Apps:
2016-07-26 08:25:45,265 INFO  [main] MainApp (MainApp.java:20) - Mode: Dev
2016-07-26 08:26:57,628 INFO  [main] MainApp (MainApp.java:18) - Starting Apps:
2016-07-26 08:26:57,630 INFO  [main] MainApp (MainApp.java:20) - Mode: Dev
2016-07-26 08:27:43,924 INFO  [main] MainApp (MainApp.java:18) - Starting Apps:
2016-07-26 08:27:43,926 INFO  [main] MainApp (MainApp.java:20) - Mode: Dev
2016-07-26 08:36:40,044 INFO  [main] MainApp (MainApp.java:18) - Starting Apps:
2016-07-26 08:36:40,046 INFO  [main] MainApp (MainApp.java:20) - Mode: Dev
2016-07-26 08:36:45,704 INFO  [main] MainApp (MainApp.java:18) - Starting Apps:
2016-07-26 08:36:45,706 INFO  [main] MainApp (MainApp.java:20) - Mode: Dev
2016-07-26 08:57:07,661 INFO  [main] MainApp (MainApp.java:28) - Starting Apps:
2016-07-26 08:57:07,663 INFO  [main] MainApp (MainApp.java:30) - Mode: Dev
2016-07-26 08:57:59,720 INFO  [main] MainApp (MainApp.java:27) - Starting Apps:
2016-07-26 08:57:59,722 INFO  [main] MainApp (MainApp.java:29) - Mode: Dev
2016-07-26 08:58:08,000 INFO  [main] MainApp (MainApp.java:27) - Starting Apps:
2016-07-26 08:58:08,001 INFO  [main] MainApp (MainApp.java:29) - Mode: Dev
2016-07-26 09:00:13,793 INFO  [main] MainApp (MainApp.java:27) - Starting Apps:
2016-07-26 09:00:13,795 INFO  [main] MainApp (MainApp.java:29) - Mode: Dev
2016-07-26 09:07:24,353 INFO  [main] MainApp (MainApp.java:27) - Starting Apps:
2016-07-26 09:07:24,355 INFO  [main] MainApp (MainApp.java:29) - Mode: Dev
2016-07-26 09:08:20,792 INFO  [main] MainApp (MainApp.java:27) - Starting Apps:
2016-07-26 09:08:20,794 INFO  [main] MainApp (MainApp.java:29) - Mode: Dev
2016-07-26 09:09:49,146 INFO  [main] MainApp (MainApp.java:27) - Starting Apps:
2016-07-26 09:09:49,148 INFO  [main] MainApp (MainApp.java:29) - Mode: Dev
2016-07-26 09:12:25,954 INFO  [main] MainApp (MainApp.java:27) - Starting Apps:
2016-07-26 09:12:25,956 INFO  [main] MainApp (MainApp.java:29) - Mode: Dev
2016-07-26 09:12:27,601 DEBUG [main] MainApp (MainApp.java:40) - Logowanie do Systemu
2016-07-26 09:12:27,602 DEBUG [main] MainApp (MainApp.java:43) - Poprawne has這 !!
2016-07-26 09:12:39,187 INFO  [main] MainApp (MainApp.java:27) - Starting Apps:
2016-07-26 09:12:39,189 INFO  [main] MainApp (MainApp.java:29) - Mode: Dev
2016-07-26 09:16:28,937 INFO  [main] MainApp (MainApp.java:27) - Starting Apps:
2016-07-26 09:16:28,939 INFO  [main] MainApp (MainApp.java:29) - Mode: Dev
2016-07-26 09:16:31,458 DEBUG [main] MainApp (MainApp.java:40) - Logowanie do Systemu
2016-07-26 09:16:31,458 DEBUG [main] MainApp (MainApp.java:43) - Poprawne has這 !!
2016-07-26 09:23:07,621 INFO  [main] MainApp (MainApp.java:27) - Starting Apps:
2016-07-26 09:23:07,623 INFO  [main] MainApp (MainApp.java:29) - Mode: Dev
2016-07-26 09:23:10,649 DEBUG [main] MainApp (MainApp.java:40) - Logowanie do Systemu
2016-07-26 09:23:10,649 DEBUG [main] MainApp (MainApp.java:43) - Poprawne has這 !!
2016-07-26 09:35:51,908 INFO  [main] MainApp (MainApp.java:27) - Starting Apps:
2016-07-26 09:35:51,910 INFO  [main] MainApp (MainApp.java:29) - Mode: Dev
2016-08-01 10:44:58,557 INFO  [main] MainApp (MainApp.java:27) - Starting Apps:
2016-08-01 10:44:58,565 INFO  [main] MainApp (MainApp.java:29) - Mode: Dev
2016-08-01 10:45:04,881 DEBUG [main] MainApp (MainApp.java:40) - Logowanie do Systemu
2016-08-01 10:45:04,882 DEBUG [main] MainApp (MainApp.java:43) - Poprawne has這 !!
2016-08-03 07:32:22,443 INFO  [main] MainApp (MainApp.java:27) - Starting Apps:
2016-08-03 07:32:22,448 INFO  [main] MainApp (MainApp.java:29) - Mode: Dev
2016-08-03 07:32:30,289 DEBUG [main] MainApp (MainApp.java:40) - Logowanie do Systemu
2016-08-03 07:32:30,289 DEBUG [main] MainApp (MainApp.java:43) - Poprawne has這 !!
2016-08-08 09:00:21,723 INFO  [main] MainApp (MainApp.java:27) - Starting Apps:
2016-08-08 09:00:21,740 INFO  [main] MainApp (MainApp.java:29) - Mode: Dev
2016-08-08 09:00:26,314 DEBUG [main] MainApp (MainApp.java:40) - Logowanie do Systemu
2016-08-08 09:00:26,315 DEBUG [main] MainApp (MainApp.java:43) - Poprawne has這 !!
2016-08-08 09:07:38,628 INFO  [main] MainApp (MainApp.java:27) - Starting Apps:
2016-08-08 09:07:38,630 INFO  [main] MainApp (MainApp.java:29) - Mode: Dev
2016-08-08 09:07:41,835 DEBUG [main] MainApp (MainApp.java:40) - Logowanie do Systemu
2016-08-08 09:07:41,835 DEBUG [main] MainApp (MainApp.java:43) - Poprawne has這 !!
2016-08-08 09:08:25,538 INFO  [main] MainApp (MainApp.java:27) - Starting Apps:
2016-08-08 09:08:25,540 INFO  [main] MainApp (MainApp.java:29) - Mode: Dev
2016-08-08 09:08:36,911 DEBUG [main] MainApp (MainApp.java:40) - Logowanie do Systemu
2016-08-08 09:08:36,911 DEBUG [main] MainApp (MainApp.java:43) - Poprawne has這 !!
